#
# There is insufficient memory for the Java Runtime Environment to continue.
# Native memory allocation (malloc) failed to allocate 32744 bytes for ChunkPool::allocate
# Possible reasons:
#   The system is out of physical RAM or swap space
#   The process is running with CompressedOops enabled, and the Java Heap may be blocking the growth of the native heap
# Possible solutions:
#   Reduce memory load on the system
#   Increase physical memory or swap space
#   Check if swap backing store is full
#   Decrease Java heap size (-Xmx/-Xms)
#   Decrease number of Java threads
#   Decrease Java thread stack sizes (-Xss)
#   Set larger code cache with -XX:ReservedCodeCacheSize=
#   JVM is running with Zero Based Compressed Oops mode in which the Java heap is
#     placed in the first 32GB address space. The Java Heap base address is the
#     maximum limit for the native heap growth. Please use -XX:HeapBaseMinAddress
#     to set the Java Heap base and to place the Java Heap above 32GB virtual address.
# This output file may be truncated or incomplete.
#
#  Out of Memory Error (arena.cpp:78), pid=4276, tid=17688
#
# JRE version: Java(TM) SE Runtime Environment (17.0.11+7) (build 17.0.11+7-LTS-207)
# Java VM: Java HotSpot(TM) 64-Bit Server VM (17.0.11+7-LTS-207, mixed mode, sharing, tiered, compressed oops, compressed class ptrs, g1 gc, windows-amd64)
# No core dump will be written. Minidumps are not enabled by default on client versions of Windows
#

---------------  S U M M A R Y ------------

Command Line: -Dfile.encoding=UTF-8 com.raven.main.Main

Host: Intel(R) Core(TM) i5-10400F CPU @ 2.90GHz, 12 cores, 31G,  Windows 10 , 64 bit Build 19041 (10.0.19041.4717)
Time: Thu Sep 26 16:21:21 2024 SE Asia Standard Time elapsed time: 0.415452 seconds (0d 0h 0m 0s)

---------------  T H R E A D  ---------------

Current thread (0x00000204e002fef0):  JavaThread "C1 CompilerThread0" daemon [_thread_in_native, id=17688, stack(0x000000b4e7b00000,0x000000b4e7c00000)]


Current CompileTask:
C1:    415  510       3       javax.swing.UIDefaults$TextAndMnemonicHashMap::get (358 bytes)

Stack: [0x000000b4e7b00000,0x000000b4e7c00000]
Native frames: (J=compiled Java code, j=interpreted, Vv=VM code, C=native code)
V  [jvm.dll+0x679cca]
V  [jvm.dll+0x7da13d]
V  [jvm.dll+0x7dba83]
V  [jvm.dll+0x7dc0f3]
V  [jvm.dll+0x2449af]
V  [jvm.dll+0xaba8c]
V  [jvm.dll+0xabe1c]
V  [jvm.dll+0x162d16]
V  [jvm.dll+0x15d81e]
V  [jvm.dll+0x14bb40]
V  [jvm.dll+0x134c57]
V  [jvm.dll+0x1345af]
V  [jvm.dll+0x1347f8]
V  [jvm.dll+0x133c81]
V  [jvm.dll+0x13596d]
V  [jvm.dll+0x225a2b]
V  [jvm.dll+0x223bcb]
V  [jvm.dll+0x7903ec]
V  [jvm.dll+0x78a85a]
V  [jvm.dll+0x678bb5]
C  [ucrtbase.dll+0x21bb2]
C  [KERNEL32.DLL+0x17374]
C  [ntdll.dll+0x4cc91]


---------------  P R O C E S S  ---------------

Threads class SMR info:
_java_thread_list=0x00000204e61fad90, length=17, elements={
0x00000204e00107a0, 0x00000204e0013ce0, 0x00000204e00289c0, 0x00000204e00293e0,
0x00000204e00298f0, 0x00000204e002a310, 0x00000204e003af00, 0x00000204e002fef0,
0x00000204e0027fa0, 0x00000204e0029e00, 0x00000204e002a820, 0x00000204e002ad30,
0x00000204e002b240, 0x00000204e0028ed0, 0x00000204e0027a90, 0x00000204e00284b0,
0x00000204e64811b0
}

Java Threads: ( => current thread )
  0x00000204e00107a0 JavaThread "Reference Handler" daemon [_thread_blocked, id=10084, stack(0x000000b4e7400000,0x000000b4e7500000)]
  0x00000204e0013ce0 JavaThread "Finalizer" daemon [_thread_blocked, id=11528, stack(0x000000b4e7500000,0x000000b4e7600000)]
  0x00000204e00289c0 JavaThread "Signal Dispatcher" daemon [_thread_blocked, id=13072, stack(0x000000b4e7600000,0x000000b4e7700000)]
  0x00000204e00293e0 JavaThread "Attach Listener" daemon [_thread_blocked, id=15300, stack(0x000000b4e7700000,0x000000b4e7800000)]
  0x00000204e00298f0 JavaThread "Service Thread" daemon [_thread_blocked, id=14664, stack(0x000000b4e7800000,0x000000b4e7900000)]
  0x00000204e002a310 JavaThread "Monitor Deflation Thread" daemon [_thread_blocked, id=16792, stack(0x000000b4e7900000,0x000000b4e7a00000)]
  0x00000204e003af00 JavaThread "C2 CompilerThread0" daemon [_thread_blocked, id=20852, stack(0x000000b4e7a00000,0x000000b4e7b00000)]
=>0x00000204e002fef0 JavaThread "C1 CompilerThread0" daemon [_thread_in_native, id=17688, stack(0x000000b4e7b00000,0x000000b4e7c00000)]
  0x00000204e0027fa0 JavaThread "Sweeper thread" daemon [_thread_blocked, id=16344, stack(0x000000b4e7c00000,0x000000b4e7d00000)]
  0x00000204e0029e00 JavaThread "Notification Thread" daemon [_thread_blocked, id=18140, stack(0x000000b4e7d00000,0x000000b4e7e00000)]
  0x00000204e002a820 JavaThread "Common-Cleaner" daemon [_thread_blocked, id=11180, stack(0x000000b4e7f00000,0x000000b4e8000000)]
  0x00000204e002ad30 JavaThread "Java2D Disposer" daemon [_thread_blocked, id=8768, stack(0x000000b4e8000000,0x000000b4e8100000)]
  0x00000204e002b240 JavaThread "AWT-Shutdown" [_thread_blocked, id=7944, stack(0x000000b4e8100000,0x000000b4e8200000)]
  0x00000204e0028ed0 JavaThread "AWT-Windows" daemon [_thread_in_native, id=8152, stack(0x000000b4e8200000,0x000000b4e8300000)]
  0x00000204e0027a90 JavaThread "AWT-EventQueue-0" [_thread_blocked, id=8516, stack(0x000000b4e8300000,0x000000b4e8400000)]
  0x00000204e00284b0 JavaThread "DestroyJavaVM" [_thread_blocked, id=18768, stack(0x000000b4e6d00000,0x000000b4e6e00000)]
  0x00000204e64811b0 JavaThread "Image Fetcher 0" daemon [_thread_in_vm, id=17440, stack(0x000000b4e8500000,0x000000b4e8600000)]

Other Threads:
  0x00000204fdcee520 VMThread "VM Thread" [stack: 0x000000b4e7300000,0x000000b4e7400000] [id=9992]
  0x00000204f0728fe0 WatcherThread [stack: 0x000000b4e7e00000,0x000000b4e7f00000] [id=9964]
  0x00000204f07101c0 GCTaskThread "GC Thread#0" [stack: 0x000000b4e6e00000,0x000000b4e6f00000] [id=6096]
  0x00000204f0721fb0 ConcurrentGCThread "G1 Main Marker" [stack: 0x000000b4e6f00000,0x000000b4e7000000] [id=13152]
  0x00000204f0723070 ConcurrentGCThread "G1 Conc#0" [stack: 0x000000b4e7000000,0x000000b4e7100000] [id=15656]
  0x00000204f073e2e0 ConcurrentGCThread "G1 Refine#0" [stack: 0x000000b4e7100000,0x000000b4e7200000] [id=11480]
  0x00000204f073ec20 ConcurrentGCThread "G1 Service" [stack: 0x000000b4e7200000,0x000000b4e7300000] [id=11356]

Threads with active compile tasks:
C1 CompilerThread0      455  510       3       javax.swing.UIDefaults$TextAndMnemonicHashMap::get (358 bytes)

VM state: not at safepoint (normal execution)

VM Mutex/Monitor currently owned by a thread: None

Heap address: 0x0000000601000000, size: 8176 MB, Compressed Oops mode: Zero based, Oop shift amount: 3

CDS archive(s) mapped at: [0x000002049f000000-0x000002049fbd0000-0x000002049fbd0000), size 12386304, SharedBaseAddress: 0x000002049f000000, ArchiveRelocationMode: 1.
Compressed class space mapped at: 0x00000204a0000000-0x00000204e0000000, reserved size: 1073741824
Narrow klass base: 0x000002049f000000, Narrow klass shift: 0, Narrow klass range: 0x100000000

GC Precious Log:
 CPUs: 12 total, 12 available
 Memory: 32690M
 Large Page Support: Disabled
 NUMA Support: Disabled
 Compressed Oops: Enabled (Zero based)
 Heap Region Size: 4M
 Heap Min Capacity: 8M
 Heap Initial Capacity: 512M
 Heap Max Capacity: 8176M
 Pre-touch: Disabled
 Parallel Workers: 10
 Concurrent Workers: 3
 Concurrent Refinement Workers: 10
 Periodic GC: Disabled

Heap:
 garbage-first heap   total 524288K, used 4096K [0x0000000601000000, 0x0000000800000000)
  region size 4096K, 2 young (8192K), 0 survivors (0K)
 Metaspace       used 7148K, committed 7360K, reserved 1114112K
  class space    used 860K, committed 960K, reserved 1048576K

Heap Regions: E=young(eden), S=young(survivor), O=old, HS=humongous(starts), HC=humongous(continues), CS=collection set, F=free, OA=open archive, CA=closed archive, TAMS=top-at-mark-start (previous, next)
|   0|0x0000000601000000, 0x0000000601000000, 0x0000000601400000|  0%| F|  |TAMS 0x0000000601000000, 0x0000000601000000| Untracked 
|   1|0x0000000601400000, 0x0000000601400000, 0x0000000601800000|  0%| F|  |TAMS 0x0000000601400000, 0x0000000601400000| Untracked 
|   2|0x0000000601800000, 0x0000000601800000, 0x0000000601c00000|  0%| F|  |TAMS 0x0000000601800000, 0x0000000601800000| Untracked 
|   3|0x0000000601c00000, 0x0000000601c00000, 0x0000000602000000|  0%| F|  |TAMS 0x0000000601c00000, 0x0000000601c00000| Untracked 
|   4|0x0000000602000000, 0x0000000602000000, 0x0000000602400000|  0%| F|  |TAMS 0x0000000602000000, 0x0000000602000000| Untracked 
|   5|0x0000000602400000, 0x0000000602400000, 0x0000000602800000|  0%| F|  |TAMS 0x0000000602400000, 0x0000000602400000| Untracked 
|   6|0x0000000602800000, 0x0000000602800000, 0x0000000602c00000|  0%| F|  |TAMS 0x0000000602800000, 0x0000000602800000| Untracked 
|   7|0x0000000602c00000, 0x0000000602c00000, 0x0000000603000000|  0%| F|  |TAMS 0x0000000602c00000, 0x0000000602c00000| Untracked 
|   8|0x0000000603000000, 0x0000000603000000, 0x0000000603400000|  0%| F|  |TAMS 0x0000000603000000, 0x0000000603000000| Untracked 
|   9|0x0000000603400000, 0x0000000603400000, 0x0000000603800000|  0%| F|  |TAMS 0x0000000603400000, 0x0000000603400000| Untracked 
|  10|0x0000000603800000, 0x0000000603800000, 0x0000000603c00000|  0%| F|  |TAMS 0x0000000603800000, 0x0000000603800000| Untracked 
|  11|0x0000000603c00000, 0x0000000603c00000, 0x0000000604000000|  0%| F|  |TAMS 0x0000000603c00000, 0x0000000603c00000| Untracked 
|  12|0x0000000604000000, 0x0000000604000000, 0x0000000604400000|  0%| F|  |TAMS 0x0000000604000000, 0x0000000604000000| Untracked 
|  13|0x0000000604400000, 0x0000000604400000, 0x0000000604800000|  0%| F|  |TAMS 0x0000000604400000, 0x0000000604400000| Untracked 
|  14|0x0000000604800000, 0x0000000604800000, 0x0000000604c00000|  0%| F|  |TAMS 0x0000000604800000, 0x0000000604800000| Untracked 
|  15|0x0000000604c00000, 0x0000000604c00000, 0x0000000605000000|  0%| F|  |TAMS 0x0000000604c00000, 0x0000000604c00000| Untracked 
|  16|0x0000000605000000, 0x0000000605000000, 0x0000000605400000|  0%| F|  |TAMS 0x0000000605000000, 0x0000000605000000| Untracked 
|  17|0x0000000605400000, 0x0000000605400000, 0x0000000605800000|  0%| F|  |TAMS 0x0000000605400000, 0x0000000605400000| Untracked 
|  18|0x0000000605800000, 0x0000000605800000, 0x0000000605c00000|  0%| F|  |TAMS 0x0000000605800000, 0x0000000605800000| Untracked 
|  19|0x0000000605c00000, 0x0000000605c00000, 0x0000000606000000|  0%| F|  |TAMS 0x0000000605c00000, 0x0000000605c00000| Untracked 
|  20|0x0000000606000000, 0x0000000606000000, 0x0000000606400000|  0%| F|  |TAMS 0x0000000606000000, 0x0000000606000000| Untracked 
|  21|0x0000000606400000, 0x0000000606400000, 0x0000000606800000|  0%| F|  |TAMS 0x0000000606400000, 0x0000000606400000| Untracked 
|  22|0x0000000606800000, 0x0000000606800000, 0x0000000606c00000|  0%| F|  |TAMS 0x0000000606800000, 0x0000000606800000| Untracked 
|  23|0x0000000606c00000, 0x0000000606c00000, 0x0000000607000000|  0%| F|  |TAMS 0x0000000606c00000, 0x0000000606c00000| Untracked 
|  24|0x0000000607000000, 0x0000000607000000, 0x0000000607400000|  0%| F|  |TAMS 0x0000000607000000, 0x0000000607000000| Untracked 
|  25|0x0000000607400000, 0x0000000607400000, 0x0000000607800000|  0%| F|  |TAMS 0x0000000607400000, 0x0000000607400000| Untracked 
|  26|0x0000000607800000, 0x0000000607800000, 0x0000000607c00000|  0%| F|  |TAMS 0x0000000607800000, 0x0000000607800000| Untracked 
|  27|0x0000000607c00000, 0x0000000607c00000, 0x0000000608000000|  0%| F|  |TAMS 0x0000000607c00000, 0x0000000607c00000| Untracked 
|  28|0x0000000608000000, 0x0000000608000000, 0x0000000608400000|  0%| F|  |TAMS 0x0000000608000000, 0x0000000608000000| Untracked 
|  29|0x0000000608400000, 0x0000000608400000, 0x0000000608800000|  0%| F|  |TAMS 0x0000000608400000, 0x0000000608400000| Untracked 
|  30|0x0000000608800000, 0x0000000608800000, 0x0000000608c00000|  0%| F|  |TAMS 0x0000000608800000, 0x0000000608800000| Untracked 
|  31|0x0000000608c00000, 0x0000000608c00000, 0x0000000609000000|  0%| F|  |TAMS 0x0000000608c00000, 0x0000000608c00000| Untracked 
|  32|0x0000000609000000, 0x0000000609000000, 0x0000000609400000|  0%| F|  |TAMS 0x0000000609000000, 0x0000000609000000| Untracked 
|  33|0x0000000609400000, 0x0000000609400000, 0x0000000609800000|  0%| F|  |TAMS 0x0000000609400000, 0x0000000609400000| Untracked 
|  34|0x0000000609800000, 0x0000000609800000, 0x0000000609c00000|  0%| F|  |TAMS 0x0000000609800000, 0x0000000609800000| Untracked 
|  35|0x0000000609c00000, 0x0000000609c00000, 0x000000060a000000|  0%| F|  |TAMS 0x0000000609c00000, 0x0000000609c00000| Untracked 
|  36|0x000000060a000000, 0x000000060a000000, 0x000000060a400000|  0%| F|  |TAMS 0x000000060a000000, 0x000000060a000000| Untracked 
|  37|0x000000060a400000, 0x000000060a400000, 0x000000060a800000|  0%| F|  |TAMS 0x000000060a400000, 0x000000060a400000| Untracked 
|  38|0x000000060a800000, 0x000000060a800000, 0x000000060ac00000|  0%| F|  |TAMS 0x000000060a800000, 0x000000060a800000| Untracked 
|  39|0x000000060ac00000, 0x000000060ac00000, 0x000000060b000000|  0%| F|  |TAMS 0x000000060ac00000, 0x000000060ac00000| Untracked 
|  40|0x000000060b000000, 0x000000060b000000, 0x000000060b400000|  0%| F|  |TAMS 0x000000060b000000, 0x000000060b000000| Untracked 
|  41|0x000000060b400000, 0x000000060b400000, 0x000000060b800000|  0%| F|  |TAMS 0x000000060b400000, 0x000000060b400000| Untracked 
|  42|0x000000060b800000, 0x000000060b800000, 0x000000060bc00000|  0%| F|  |TAMS 0x000000060b800000, 0x000000060b800000| Untracked 
|  43|0x000000060bc00000, 0x000000060bc00000, 0x000000060c000000|  0%| F|  |TAMS 0x000000060bc00000, 0x000000060bc00000| Untracked 
|  44|0x000000060c000000, 0x000000060c000000, 0x000000060c400000|  0%| F|  |TAMS 0x000000060c000000, 0x000000060c000000| Untracked 
|  45|0x000000060c400000, 0x000000060c400000, 0x000000060c800000|  0%| F|  |TAMS 0x000000060c400000, 0x000000060c400000| Untracked 
|  46|0x000000060c800000, 0x000000060c800000, 0x000000060cc00000|  0%| F|  |TAMS 0x000000060c800000, 0x000000060c800000| Untracked 
|  47|0x000000060cc00000, 0x000000060cc00000, 0x000000060d000000|  0%| F|  |TAMS 0x000000060cc00000, 0x000000060cc00000| Untracked 
|  48|0x000000060d000000, 0x000000060d000000, 0x000000060d400000|  0%| F|  |TAMS 0x000000060d000000, 0x000000060d000000| Untracked 
|  49|0x000000060d400000, 0x000000060d400000, 0x000000060d800000|  0%| F|  |TAMS 0x000000060d400000, 0x000000060d400000| Untracked 
|  50|0x000000060d800000, 0x000000060d800000, 0x000000060dc00000|  0%| F|  |TAMS 0x000000060d800000, 0x000000060d800000| Untracked 
|  51|0x000000060dc00000, 0x000000060dc00000, 0x000000060e000000|  0%| F|  |TAMS 0x000000060dc00000, 0x000000060dc00000| Untracked 
|  52|0x000000060e000000, 0x000000060e000000, 0x000000060e400000|  0%| F|  |TAMS 0x000000060e000000, 0x000000060e000000| Untracked 
|  53|0x000000060e400000, 0x000000060e400000, 0x000000060e800000|  0%| F|  |TAMS 0x000000060e400000, 0x000000060e400000| Untracked 
|  54|0x000000060e800000, 0x000000060e800000, 0x000000060ec00000|  0%| F|  |TAMS 0x000000060e800000, 0x000000060e800000| Untracked 
|  55|0x000000060ec00000, 0x000000060ec00000, 0x000000060f000000|  0%| F|  |TAMS 0x000000060ec00000, 0x000000060ec00000| Untracked 
|  56|0x000000060f000000, 0x000000060f000000, 0x000000060f400000|  0%| F|  |TAMS 0x000000060f000000, 0x000000060f000000| Untracked 
|  57|0x000000060f400000, 0x000000060f400000, 0x000000060f800000|  0%| F|  |TAMS 0x000000060f400000, 0x000000060f400000| Untracked 
|  58|0x000000060f800000, 0x000000060f800000, 0x000000060fc00000|  0%| F|  |TAMS 0x000000060f800000, 0x000000060f800000| Untracked 
|  59|0x000000060fc00000, 0x000000060fc00000, 0x0000000610000000|  0%| F|  |TAMS 0x000000060fc00000, 0x000000060fc00000| Untracked 
|  60|0x0000000610000000, 0x0000000610000000, 0x0000000610400000|  0%| F|  |TAMS 0x0000000610000000, 0x0000000610000000| Untracked 
|  61|0x0000000610400000, 0x0000000610400000, 0x0000000610800000|  0%| F|  |TAMS 0x0000000610400000, 0x0000000610400000| Untracked 
|  62|0x0000000610800000, 0x0000000610800000, 0x0000000610c00000|  0%| F|  |TAMS 0x0000000610800000, 0x0000000610800000| Untracked 
|  63|0x0000000610c00000, 0x0000000610c00000, 0x0000000611000000|  0%| F|  |TAMS 0x0000000610c00000, 0x0000000610c00000| Untracked 
|  64|0x0000000611000000, 0x0000000611000000, 0x0000000611400000|  0%| F|  |TAMS 0x0000000611000000, 0x0000000611000000| Untracked 
|  65|0x0000000611400000, 0x0000000611400000, 0x0000000611800000|  0%| F|  |TAMS 0x0000000611400000, 0x0000000611400000| Untracked 
|  66|0x0000000611800000, 0x0000000611800000, 0x0000000611c00000|  0%| F|  |TAMS 0x0000000611800000, 0x0000000611800000| Untracked 
|  67|0x0000000611c00000, 0x0000000611c00000, 0x0000000612000000|  0%| F|  |TAMS 0x0000000611c00000, 0x0000000611c00000| Untracked 
|  68|0x0000000612000000, 0x0000000612000000, 0x0000000612400000|  0%| F|  |TAMS 0x0000000612000000, 0x0000000612000000| Untracked 
|  69|0x0000000612400000, 0x0000000612400000, 0x0000000612800000|  0%| F|  |TAMS 0x0000000612400000, 0x0000000612400000| Untracked 
|  70|0x0000000612800000, 0x0000000612800000, 0x0000000612c00000|  0%| F|  |TAMS 0x0000000612800000, 0x0000000612800000| Untracked 
|  71|0x0000000612c00000, 0x0000000612c00000, 0x0000000613000000|  0%| F|  |TAMS 0x0000000612c00000, 0x0000000612c00000| Untracked 
|  72|0x0000000613000000, 0x0000000613000000, 0x0000000613400000|  0%| F|  |TAMS 0x0000000613000000, 0x0000000613000000| Untracked 
|  73|0x0000000613400000, 0x0000000613400000, 0x0000000613800000|  0%| F|  |TAMS 0x0000000613400000, 0x0000000613400000| Untracked 
|  74|0x0000000613800000, 0x0000000613800000, 0x0000000613c00000|  0%| F|  |TAMS 0x0000000613800000, 0x0000000613800000| Untracked 
|  75|0x0000000613c00000, 0x0000000613c00000, 0x0000000614000000|  0%| F|  |TAMS 0x0000000613c00000, 0x0000000613c00000| Untracked 
|  76|0x0000000614000000, 0x0000000614000000, 0x0000000614400000|  0%| F|  |TAMS 0x0000000614000000, 0x0000000614000000| Untracked 
|  77|0x0000000614400000, 0x0000000614400000, 0x0000000614800000|  0%| F|  |TAMS 0x0000000614400000, 0x0000000614400000| Untracked 
|  78|0x0000000614800000, 0x0000000614800000, 0x0000000614c00000|  0%| F|  |TAMS 0x0000000614800000, 0x0000000614800000| Untracked 
|  79|0x0000000614c00000, 0x0000000614c00000, 0x0000000615000000|  0%| F|  |TAMS 0x0000000614c00000, 0x0000000614c00000| Untracked 
|  80|0x0000000615000000, 0x0000000615000000, 0x0000000615400000|  0%| F|  |TAMS 0x0000000615000000, 0x0000000615000000| Untracked 
|  81|0x0000000615400000, 0x0000000615400000, 0x0000000615800000|  0%| F|  |TAMS 0x0000000615400000, 0x0000000615400000| Untracked 
|  82|0x0000000615800000, 0x0000000615800000, 0x0000000615c00000|  0%| F|  |TAMS 0x0000000615800000, 0x0000000615800000| Untracked 
|  83|0x0000000615c00000, 0x0000000615c00000, 0x0000000616000000|  0%| F|  |TAMS 0x0000000615c00000, 0x0000000615c00000| Untracked 
|  84|0x0000000616000000, 0x0000000616000000, 0x0000000616400000|  0%| F|  |TAMS 0x0000000616000000, 0x0000000616000000| Untracked 
|  85|0x0000000616400000, 0x0000000616400000, 0x0000000616800000|  0%| F|  |TAMS 0x0000000616400000, 0x0000000616400000| Untracked 
|  86|0x0000000616800000, 0x0000000616800000, 0x0000000616c00000|  0%| F|  |TAMS 0x0000000616800000, 0x0000000616800000| Untracked 
|  87|0x0000000616c00000, 0x0000000616c00000, 0x0000000617000000|  0%| F|  |TAMS 0x0000000616c00000, 0x0000000616c00000| Untracked 
|  88|0x0000000617000000, 0x0000000617000000, 0x0000000617400000|  0%| F|  |TAMS 0x0000000617000000, 0x0000000617000000| Untracked 
|  89|0x0000000617400000, 0x0000000617400000, 0x0000000617800000|  0%| F|  |TAMS 0x0000000617400000, 0x0000000617400000| Untracked 
|  90|0x0000000617800000, 0x0000000617800000, 0x0000000617c00000|  0%| F|  |TAMS 0x0000000617800000, 0x0000000617800000| Untracked 
|  91|0x0000000617c00000, 0x0000000617c00000, 0x0000000618000000|  0%| F|  |TAMS 0x0000000617c00000, 0x0000000617c00000| Untracked 
|  92|0x0000000618000000, 0x0000000618000000, 0x0000000618400000|  0%| F|  |TAMS 0x0000000618000000, 0x0000000618000000| Untracked 
|  93|0x0000000618400000, 0x0000000618400000, 0x0000000618800000|  0%| F|  |TAMS 0x0000000618400000, 0x0000000618400000| Untracked 
|  94|0x0000000618800000, 0x0000000618800000, 0x0000000618c00000|  0%| F|  |TAMS 0x0000000618800000, 0x0000000618800000| Untracked 
|  95|0x0000000618c00000, 0x0000000618c00000, 0x0000000619000000|  0%| F|  |TAMS 0x0000000618c00000, 0x0000000618c00000| Untracked 
|  96|0x0000000619000000, 0x0000000619000000, 0x0000000619400000|  0%| F|  |TAMS 0x0000000619000000, 0x0000000619000000| Untracked 
|  97|0x0000000619400000, 0x0000000619400000, 0x0000000619800000|  0%| F|  |TAMS 0x0000000619400000, 0x0000000619400000| Untracked 
|  98|0x0000000619800000, 0x0000000619800000, 0x0000000619c00000|  0%| F|  |TAMS 0x0000000619800000, 0x0000000619800000| Untracked 
|  99|0x0000000619c00000, 0x0000000619c00000, 0x000000061a000000|  0%| F|  |TAMS 0x0000000619c00000, 0x0000000619c00000| Untracked 
| 100|0x000000061a000000, 0x000000061a000000, 0x000000061a400000|  0%| F|  |TAMS 0x000000061a000000, 0x000000061a000000| Untracked 
| 101|0x000000061a400000, 0x000000061a400000, 0x000000061a800000|  0%| F|  |TAMS 0x000000061a400000, 0x000000061a400000| Untracked 
| 102|0x000000061a800000, 0x000000061a800000, 0x000000061ac00000|  0%| F|  |TAMS 0x000000061a800000, 0x000000061a800000| Untracked 
| 103|0x000000061ac00000, 0x000000061ac00000, 0x000000061b000000|  0%| F|  |TAMS 0x000000061ac00000, 0x000000061ac00000| Untracked 
| 104|0x000000061b000000, 0x000000061b000000, 0x000000061b400000|  0%| F|  |TAMS 0x000000061b000000, 0x000000061b000000| Untracked 
| 105|0x000000061b400000, 0x000000061b400000, 0x000000061b800000|  0%| F|  |TAMS 0x000000061b400000, 0x000000061b400000| Untracked 
| 106|0x000000061b800000, 0x000000061b800000, 0x000000061bc00000|  0%| F|  |TAMS 0x000000061b800000, 0x000000061b800000| Untracked 
| 107|0x000000061bc00000, 0x000000061bc00000, 0x000000061c000000|  0%| F|  |TAMS 0x000000061bc00000, 0x000000061bc00000| Untracked 
| 108|0x000000061c000000, 0x000000061c000000, 0x000000061c400000|  0%| F|  |TAMS 0x000000061c000000, 0x000000061c000000| Untracked 
| 109|0x000000061c400000, 0x000000061c400000, 0x000000061c800000|  0%| F|  |TAMS 0x000000061c400000, 0x000000061c400000| Untracked 
| 110|0x000000061c800000, 0x000000061c800000, 0x000000061cc00000|  0%| F|  |TAMS 0x000000061c800000, 0x000000061c800000| Untracked 
| 111|0x000000061cc00000, 0x000000061cc00000, 0x000000061d000000|  0%| F|  |TAMS 0x000000061cc00000, 0x000000061cc00000| Untracked 
| 112|0x000000061d000000, 0x000000061d000000, 0x000000061d400000|  0%| F|  |TAMS 0x000000061d000000, 0x000000061d000000| Untracked 
| 113|0x000000061d400000, 0x000000061d400000, 0x000000061d800000|  0%| F|  |TAMS 0x000000061d400000, 0x000000061d400000| Untracked 
| 114|0x000000061d800000, 0x000000061d800000, 0x000000061dc00000|  0%| F|  |TAMS 0x000000061d800000, 0x000000061d800000| Untracked 
| 115|0x000000061dc00000, 0x000000061dc00000, 0x000000061e000000|  0%| F|  |TAMS 0x000000061dc00000, 0x000000061dc00000| Untracked 
| 116|0x000000061e000000, 0x000000061e000000, 0x000000061e400000|  0%| F|  |TAMS 0x000000061e000000, 0x000000061e000000| Untracked 
| 117|0x000000061e400000, 0x000000061e400000, 0x000000061e800000|  0%| F|  |TAMS 0x000000061e400000, 0x000000061e400000| Untracked 
| 118|0x000000061e800000, 0x000000061e800000, 0x000000061ec00000|  0%| F|  |TAMS 0x000000061e800000, 0x000000061e800000| Untracked 
| 119|0x000000061ec00000, 0x000000061ec00000, 0x000000061f000000|  0%| F|  |TAMS 0x000000061ec00000, 0x000000061ec00000| Untracked 
| 120|0x000000061f000000, 0x000000061f000000, 0x000000061f400000|  0%| F|  |TAMS 0x000000061f000000, 0x000000061f000000| Untracked 
| 121|0x000000061f400000, 0x000000061f400000, 0x000000061f800000|  0%| F|  |TAMS 0x000000061f400000, 0x000000061f400000| Untracked 
| 122|0x000000061f800000, 0x000000061f800000, 0x000000061fc00000|  0%| F|  |TAMS 0x000000061f800000, 0x000000061f800000| Untracked 
| 123|0x000000061fc00000, 0x000000061fc00000, 0x0000000620000000|  0%| F|  |TAMS 0x000000061fc00000, 0x000000061fc00000| Untracked 
| 124|0x0000000620000000, 0x0000000620000000, 0x0000000620400000|  0%| F|  |TAMS 0x0000000620000000, 0x0000000620000000| Untracked 
| 125|0x0000000620400000, 0x0000000620400000, 0x0000000620800000|  0%| F|  |TAMS 0x0000000620400000, 0x0000000620400000| Untracked 
| 126|0x0000000620800000, 0x0000000620c00000, 0x0000000620c00000|100%| E|  |TAMS 0x0000000620800000, 0x0000000620800000| Complete 
| 127|0x0000000620c00000, 0x0000000621000000, 0x0000000621000000|100%| E|CS|TAMS 0x0000000620c00000, 0x0000000620c00000| Complete 

Card table byte_map: [0x00000204f9480000,0x00000204fa480000] _byte_map_base: 0x00000204f6478000

Marking Bits (Prev, Next): (CMBitMap*) 0x00000204f0711700, (CMBitMap*) 0x00000204f0711740
 Prev Bits: [0x000002048f000000, 0x0000020496fc0000)
 Next Bits: [0x0000020496fc0000, 0x000002049ef80000)

Polling page: 0x00000204ee610000

Metaspace:

Usage:
  Non-class:      6.27 MB used.
      Class:    872.27 KB used.
       Both:      7.12 MB used.

Virtual space:
  Non-class space:       64.00 MB reserved,       6.38 MB ( 10%) committed,  1 nodes.
      Class space:        1.00 GB reserved,     960.00 KB ( <1%) committed,  1 nodes.
             Both:        1.06 GB reserved,       7.31 MB ( <1%) committed. 

Chunk freelists:
   Non-Class:  8.99 MB
       Class:  14.98 MB
        Both:  23.97 MB

MaxMetaspaceSize: unlimited
CompressedClassSpaceSize: 1.00 GB
Initial GC threshold: 21.00 MB
Current GC threshold: 21.00 MB
CDS: on
MetaspaceReclaimPolicy: balanced
 - commit_granule_bytes: 65536.
 - commit_granule_words: 8192.
 - virtual_space_node_default_size: 8388608.
 - enlarge_chunks_in_place: 1.
 - new_chunks_are_fully_committed: 0.
 - uncommit_free_chunks: 1.
 - use_allocation_guard: 0.
 - handle_deallocations: 1.


Internal statistics:

num_allocs_failed_limit: 0.
num_arena_births: 100.
num_arena_deaths: 0.
num_vsnodes_births: 2.
num_vsnodes_deaths: 0.
num_space_committed: 117.
num_space_uncommitted: 0.
num_chunks_returned_to_freelist: 0.
num_chunks_taken_from_freelist: 146.
num_chunk_merges: 0.
num_chunk_splits: 84.
num_chunks_enlarged: 29.
num_inconsistent_stats: 0.

CodeHeap 'non-profiled nmethods': size=120000Kb used=162Kb max_used=162Kb free=119837Kb
 bounds [0x0000020487ad0000, 0x0000020487d40000, 0x000002048f000000]
CodeHeap 'profiled nmethods': size=120000Kb used=764Kb max_used=764Kb free=119235Kb
 bounds [0x0000020480000000, 0x0000020480270000, 0x0000020487530000]
CodeHeap 'non-nmethods': size=5760Kb used=1237Kb max_used=1237Kb free=4522Kb
 bounds [0x0000020487530000, 0x00000204877a0000, 0x0000020487ad0000]
 total_blobs=1087 nmethods=534 adapters=466
 compilation: enabled
              stopped_count=0, restarted_count=0
 full_count=0

Compilation events (20 events):
Event: 0.216 Thread 0x00000204e002fef0  505       3       java.util.concurrent.ConcurrentHashMap$Traverser::advance (188 bytes)
Event: 0.216 Thread 0x00000204e003af00 nmethod 502 0x0000020487aefd10 code [0x0000020487aefe80, 0x0000020487aeffd8]
Event: 0.216 Thread 0x00000204e002fef0 nmethod 505 0x00000204800bc990 code [0x00000204800bcbe0, 0x00000204800bd808]
Event: 0.216 Thread 0x00000204e002fef0  503       3       java.lang.invoke.MethodTypeForm::canonicalize (59 bytes)
Event: 0.216 Thread 0x00000204e002fef0 nmethod 503 0x00000204800bda90 code [0x00000204800bdc60, 0x00000204800bdf88]
Event: 0.385 Thread 0x00000204e002fef0  506       3       java.util.ArrayList$Itr::next (66 bytes)
Event: 0.386 Thread 0x00000204e002fef0 nmethod 506 0x00000204800be090 code [0x00000204800be280, 0x00000204800be648]
Event: 0.386 Thread 0x00000204e002fef0  507       3       java.util.ArrayList$Itr::checkForComodification (23 bytes)
Event: 0.386 Thread 0x00000204e002fef0 nmethod 507 0x00000204800be810 code [0x00000204800be9c0, 0x00000204800beb88]
Event: 0.386 Thread 0x00000204e002fef0  508       3       java.util.concurrent.ConcurrentHashMap$BaseIterator::hasNext (13 bytes)
Event: 0.386 Thread 0x00000204e002fef0 nmethod 508 0x00000204800bec90 code [0x00000204800bee20, 0x00000204800bef98]
Event: 0.387 Thread 0x00000204e002fef0  509       3       java.lang.Character::charCount (12 bytes)
Event: 0.387 Thread 0x00000204e002fef0 nmethod 509 0x00000204800bf010 code [0x00000204800bf1a0, 0x00000204800bf318]
Event: 0.387 Thread 0x00000204e002fef0  510       3       javax.swing.UIDefaults$TextAndMnemonicHashMap::get (358 bytes)
Event: 0.388 Thread 0x00000204e003af00  513 %     4       java.lang.StringLatin1::indexOfChar @ 7 (33 bytes)
Event: 0.390 Thread 0x00000204e003af00 nmethod 513% 0x0000020487af0090 code [0x0000020487af0220, 0x0000020487af0418]
Event: 0.394 Thread 0x00000204e003af00  525       4       java.util.HashMap::putVal (300 bytes)
Event: 0.402 Thread 0x00000204e003af00 nmethod 525 0x0000020487af0590 code [0x0000020487af0760, 0x0000020487af1110]
Event: 0.403 Thread 0x00000204e003af00  530       4       java.lang.Object::<init> (1 bytes)
Event: 0.403 Thread 0x00000204e003af00 nmethod 530 0x0000020487af1690 code [0x0000020487af1800, 0x0000020487af18b8]

GC Heap History (0 events):
No events

Deoptimization events (0 events):
No events

Classes unloaded (0 events):
No events

Classes redefined (0 events):
No events

Internal exceptions (20 events):
Event: 0.202 Thread 0x00000204f06629c0 Exception <a 'java/lang/ClassNotFoundException'{0x00000006208d73e0}: PasswordField> (0x00000006208d73e0) 
thrown [s\open\src\hotspot\share\classfile\systemDictionary.cpp, line 256]
Event: 0.203 Thread 0x00000204f06629c0 Exception <a 'java/lang/ClassNotFoundException'{0x00000006208d7938}: TextArea> (0x00000006208d7938) 
thrown [s\open\src\hotspot\share\classfile\systemDictionary.cpp, line 256]
Event: 0.203 Thread 0x00000204f06629c0 Exception <a 'java/lang/ClassNotFoundException'{0x00000006208d8278}: TextPane> (0x00000006208d8278) 
thrown [s\open\src\hotspot\share\classfile\systemDictionary.cpp, line 256]
Event: 0.203 Thread 0x00000204f06629c0 Exception <a 'java/lang/ClassNotFoundException'{0x00000006208d86e0}: EditorPane> (0x00000006208d86e0) 
thrown [s\open\src\hotspot\share\classfile\systemDictionary.cpp, line 256]
Event: 0.203 Thread 0x00000204f06629c0 Exception <a 'java/lang/ClassNotFoundException'{0x00000006208d9040}: ToolBar> (0x00000006208d9040) 
thrown [s\open\src\hotspot\share\classfile\systemDictionary.cpp, line 256]
Event: 0.203 Thread 0x00000204f06629c0 Exception <a 'java/lang/ClassNotFoundException'{0x00000006208d9538}: ToolBar> (0x00000006208d9538) 
thrown [s\open\src\hotspot\share\classfile\systemDictionary.cpp, line 256]
Event: 0.203 Thread 0x00000204f06629c0 Exception <a 'java/lang/ClassNotFoundException'{0x00000006208d9898}: Button> (0x00000006208d9898) 
thrown [s\open\src\hotspot\share\classfile\systemDictionary.cpp, line 256]
Event: 0.203 Thread 0x00000204f06629c0 Exception <a 'java/lang/ClassNotFoundException'{0x00000006208d9d60}: ToolBar> (0x00000006208d9d60) 
thrown [s\open\src\hotspot\share\classfile\systemDictionary.cpp, line 256]
Event: 0.203 Thread 0x00000204f06629c0 Exception <a 'java/lang/ClassNotFoundException'{0x00000006208da0d0}: ToggleButton> (0x00000006208da0d0) 
thrown [s\open\src\hotspot\share\classfile\systemDictionary.cpp, line 256]
Event: 0.203 Thread 0x00000204f06629c0 Exception <a 'java/lang/ClassNotFoundException'{0x00000006208da510}: javax/swing/JToolBarSeparator> (0x00000006208da510) 
thrown [s\open\src\hotspot\share\classfile\systemDictionary.cpp, line 256]
Event: 0.204 Thread 0x00000204f06629c0 Exception <a 'java/lang/ClassNotFoundException'{0x00000006208da818}: ToolBarSeparator> (0x00000006208da818) 
thrown [s\open\src\hotspot\share\classfile\systemDictionary.cpp, line 256]
Event: 0.204 Thread 0x00000204f06629c0 Exception <a 'java/lang/ClassNotFoundException'{0x00000006208dad30}: ToolTip> (0x00000006208dad30) 
thrown [s\open\src\hotspot\share\classfile\systemDictionary.cpp, line 256]
Event: 0.204 Thread 0x00000204f06629c0 Exception <a 'java/lang/ClassNotFoundException'{0x00000006208db680}: Tree> (0x00000006208db680) 
thrown [s\open\src\hotspot\share\classfile\systemDictionary.cpp, line 256]
Event: 0.204 Thread 0x00000204f06629c0 Exception <a 'java/lang/ClassNotFoundException'{0x00000006208dbb78}: Tree> (0x00000006208dbb78) 
thrown [s\open\src\hotspot\share\classfile\systemDictionary.cpp, line 256]
Event: 0.204 Thread 0x00000204f06629c0 Exception <a 'java/lang/ClassNotFoundException'{0x00000006208dbee8}: javax/swing/JTreeCell> (0x00000006208dbee8) 
thrown [s\open\src\hotspot\share\classfile\systemDictionary.cpp, line 256]
Event: 0.204 Thread 0x00000204f06629c0 Exception <a 'java/lang/ClassNotFoundException'{0x00000006208dc1e8}: TreeCell> (0x00000006208dc1e8) 
thrown [s\open\src\hotspot\share\classfile\systemDictionary.cpp, line 256]
Event: 0.205 Thread 0x00000204f06629c0 Exception <a 'java/lang/ClassNotFoundException'{0x00000006208dc9a8}: RootPane> (0x00000006208dc9a8) 
thrown [s\open\src\hotspot\share\classfile\systemDictionary.cpp, line 256]
Event: 0.206 Thread 0x00000204f06629c0 Exception <a 'java/lang/ClassNotFoundException'{0x00000006208df7f8}: com/sun/swing/internal/plaf/metal/resources/spi/metalProvider> (0x00000006208df7f8) 
thrown [s\open\src\hotspot\share\classfile\systemDictionary.cpp, line 256]
Event: 0.206 Thread 0x00000204f06629c0 Exception <a 'java/lang/ClassNotFoundException'{0x00000006208e33f8}: com/sun/swing/internal/plaf/basic/resources/spi/basicProvider> (0x00000006208e33f8) 
thrown [s\open\src\hotspot\share\classfile\systemDictionary.cpp, line 256]
Event: 0.387 Thread 0x00000204e0027a90 Exception <a 'java/lang/ClassNotFoundException'{0x0000000620987bb8}: com/sun/swing/internal/plaf/synth/resources/spi/synthProvider> (0x0000000620987bb8) 
thrown [s\open\src\hotspot\share\classfile\systemDictionary.cpp, line 256]

VM Operations (4 events):
Event: 0.186 Executing VM operation: HandshakeAllThreads
Event: 0.186 Executing VM operation: HandshakeAllThreads done
Event: 0.398 Executing VM operation: HandshakeAllThreads
Event: 0.398 Executing VM operation: HandshakeAllThreads done

Events (20 events):
Event: 0.404 loading class sun/datatransfer/DesktopDatatransferService done
Event: 0.404 loading class sun/datatransfer/DataFlavorUtil$DefaultDesktopDatatransferService done
Event: 0.405 loading class sun/awt/datatransfer/DesktopDatatransferServiceImpl
Event: 0.405 loading class sun/awt/datatransfer/DesktopDatatransferServiceImpl done
Event: 0.405 loading class java/awt/datatransfer/DataFlavor
Event: 0.405 loading class java/io/Externalizable
Event: 0.405 loading class java/io/Externalizable done
Event: 0.405 loading class java/awt/datatransfer/DataFlavor done
Event: 0.405 loading class java/awt/datatransfer/SystemFlavorMap$SoftCache
Event: 0.405 loading class java/awt/datatransfer/SystemFlavorMap$SoftCache done
Event: 0.405 loading class javax/swing/TransferHandler$DropHandler
Event: 0.405 loading class javax/swing/TransferHandler$DropHandler done
Event: 0.405 loading class javax/swing/TransferHandler$TransferSupport
Event: 0.405 loading class javax/swing/TransferHandler$TransferSupport done
Event: 0.405 loading class javax/swing/plaf/basic/BasicListUI$Handler
Event: 0.405 loading class javax/swing/event/MouseInputListener
Event: 0.405 loading class javax/swing/event/MouseInputListener done
Event: 0.405 loading class javax/swing/plaf/basic/DragRecognitionSupport$BeforeDrag
Event: 0.406 loading class javax/swing/plaf/basic/DragRecognitionSupport$BeforeDrag done
Event: 0.406 loading class javax/swing/plaf/basic/BasicListUI$Handler done


Dynamic libraries:
0x00007ff7d85a0000 - 0x00007ff7d85b0000 	D:\justkien\bin\java.exe
0x00007ffc73090000 - 0x00007ffc73288000 	C:\Windows\SYSTEM32\ntdll.dll
0x00007ffc71420000 - 0x00007ffc714e1000 	C:\Windows\System32\KERNEL32.DLL
0x00007ffc70b40000 - 0x00007ffc70e3d000 	C:\Windows\System32\KERNELBASE.dll
0x00007ffc70ed0000 - 0x00007ffc70fd0000 	C:\Windows\System32\ucrtbase.dll
0x00007ffc5ae40000 - 0x00007ffc5ae5b000 	D:\justkien\bin\VCRUNTIME140.dll
0x00007ffc4c8d0000 - 0x00007ffc4c8e9000 	D:\justkien\bin\jli.dll
0x00007ffc710c0000 - 0x00007ffc71170000 	C:\Windows\System32\ADVAPI32.dll
0x00007ffc71170000 - 0x00007ffc7120e000 	C:\Windows\System32\msvcrt.dll
0x00007ffc71ab0000 - 0x00007ffc71b50000 	C:\Windows\System32\sechost.dll
0x00007ffc71210000 - 0x00007ffc71333000 	C:\Windows\System32\RPCRT4.dll
0x00007ffc70b10000 - 0x00007ffc70b37000 	C:\Windows\System32\bcrypt.dll
0x00007ffc720b0000 - 0x00007ffc7224d000 	C:\Windows\System32\USER32.dll
0x00007ffc635b0000 - 0x00007ffc6384a000 	C:\Windows\WinSxS\amd64_microsoft.windows.common-controls_6595b64144ccf1df_6.0.19041.4355_none_60b8b9eb71f62e16\COMCTL32.dll
0x00007ffc70980000 - 0x00007ffc709a2000 	C:\Windows\System32\win32u.dll
0x00007ffc72080000 - 0x00007ffc720ab000 	C:\Windows\System32\GDI32.dll
0x00007ffc70860000 - 0x00007ffc70977000 	C:\Windows\System32\gdi32full.dll
0x00007ffc71020000 - 0x00007ffc710bd000 	C:\Windows\System32\msvcp_win.dll
0x00007ffc6aba0000 - 0x00007ffc6abaa000 	C:\Windows\SYSTEM32\VERSION.dll
0x00007ffc71a80000 - 0x00007ffc71aaf000 	C:\Windows\System32\IMM32.DLL
0x00007ffc5ae30000 - 0x00007ffc5ae3c000 	D:\justkien\bin\vcruntime140_1.dll
0x00007ffc02bb0000 - 0x00007ffc02c3e000 	D:\justkien\bin\msvcp140.dll
0x00007ffb9f8b0000 - 0x00007ffba0490000 	D:\justkien\bin\server\jvm.dll
0x00007ffc71b50000 - 0x00007ffc71b58000 	C:\Windows\System32\PSAPI.DLL
0x00007ffc67550000 - 0x00007ffc67577000 	C:\Windows\SYSTEM32\WINMM.dll
0x00007ffc4d180000 - 0x00007ffc4d189000 	C:\Windows\SYSTEM32\WSOCK32.dll
0x00007ffc72870000 - 0x00007ffc728db000 	C:\Windows\System32\WS2_32.dll
0x00007ffc6e5e0000 - 0x00007ffc6e5f2000 	C:\Windows\SYSTEM32\kernel.appcore.dll
0x00007ffc5ae20000 - 0x00007ffc5ae2a000 	D:\justkien\bin\jimage.dll
0x00007ffc651b0000 - 0x00007ffc65394000 	C:\Windows\SYSTEM32\DBGHELP.DLL
0x00007ffc51520000 - 0x00007ffc51554000 	C:\Windows\SYSTEM32\dbgcore.DLL
0x00007ffc70e40000 - 0x00007ffc70ec2000 	C:\Windows\System32\bcryptPrimitives.dll
0x00007ffc03d20000 - 0x00007ffc03d45000 	D:\justkien\bin\java.dll
0x00007ffc02c40000 - 0x00007ffc02d17000 	D:\justkien\bin\jsvml.dll
0x00007ffc728e0000 - 0x00007ffc7304f000 	C:\Windows\System32\SHELL32.dll
0x00007ffc6e7e0000 - 0x00007ffc6ef7f000 	C:\Windows\SYSTEM32\windows.storage.dll
0x00007ffc71550000 - 0x00007ffc718a3000 	C:\Windows\System32\combase.dll
0x00007ffc70160000 - 0x00007ffc7018e000 	C:\Windows\SYSTEM32\Wldp.dll
0x00007ffc71cf0000 - 0x00007ffc71dbd000 	C:\Windows\System32\OLEAUT32.dll
0x00007ffc71fd0000 - 0x00007ffc7207d000 	C:\Windows\System32\SHCORE.dll
0x00007ffc71dc0000 - 0x00007ffc71e15000 	C:\Windows\System32\shlwapi.dll
0x00007ffc70670000 - 0x00007ffc70694000 	C:\Windows\SYSTEM32\profapi.dll
0x00007ffc34be0000 - 0x00007ffc34bf9000 	D:\justkien\bin\net.dll
0x00007ffc6a0e0000 - 0x00007ffc6a1ed000 	C:\Windows\SYSTEM32\WINHTTP.dll
0x00007ffc6fec0000 - 0x00007ffc6ff2a000 	C:\Windows\system32\mswsock.dll
0x00007ffc20990000 - 0x00007ffc209a6000 	D:\justkien\bin\nio.dll
0x00007ffc08f00000 - 0x00007ffc08f18000 	D:\justkien\bin\zip.dll
0x00007ffba0b30000 - 0x00007ffba0cc1000 	D:\justkien\bin\awt.dll
0x00007ffc6c450000 - 0x00007ffc6c4e4000 	C:\Windows\SYSTEM32\apphelp.dll
0x00007ffc6e0f0000 - 0x00007ffc6e18e000 	C:\Windows\system32\uxtheme.dll
0x00007ffc09be0000 - 0x00007ffc09c0b000 	C:\Program Files (x86)\UltraViewer\uvh64.dll
0x00007ffc71960000 - 0x00007ffc71a74000 	C:\Windows\System32\MSCTF.dll
0x00007ffc72740000 - 0x00007ffc7286b000 	C:\Windows\System32\ole32.dll
0x00007ffc6e2e0000 - 0x00007ffc6e30f000 	C:\Windows\system32\DWMAPI.DLL
0x00007ffbe48c0000 - 0x00007ffbe4947000 	D:\justkien\bin\freetype.dll
0x00007ffbbcd50000 - 0x00007ffbbce31000 	D:\justkien\bin\fontmanager.dll
0x00007ffc04040000 - 0x00007ffc04168000 	C:\Windows\system32\opengl32.dll
0x00007ffc07790000 - 0x00007ffc077bc000 	C:\Windows\SYSTEM32\GLU32.dll
0x00007ffc702f0000 - 0x00007ffc70302000 	C:\Windows\SYSTEM32\msasn1.dll
0x00007ffc699f0000 - 0x00007ffc69a21000 	C:\Windows\SYSTEM32\cryptnet.dll
0x00007ffc709b0000 - 0x00007ffc70b0e000 	C:\Windows\System32\CRYPT32.dll
0x00007ffc700b0000 - 0x00007ffc700bc000 	C:\Windows\SYSTEM32\cryptbase.dll
0x00007ffc707f0000 - 0x00007ffc70859000 	C:\Windows\System32\wintrust.dll
0x00007ffc713a0000 - 0x00007ffc713bd000 	C:\Windows\System32\imagehlp.dll
0x00007ffc700c0000 - 0x00007ffc700d8000 	C:\Windows\SYSTEM32\CRYPTSP.dll
0x00007ffc6f770000 - 0x00007ffc6f7a4000 	C:\Windows\system32\rsaenh.dll
0x00007ffc6bb60000 - 0x00007ffc6bb9b000 	C:\Windows\SYSTEM32\dxcore.dll
0x00007ffc70fd0000 - 0x00007ffc7101e000 	C:\Windows\System32\cfgmgr32.dll

dbghelp: loaded successfully - version: 4.0.5 - missing functions: none
symbol engine: initialized successfully - sym options: 0x614 - pdb path: .;D:\justkien\bin;C:\Windows\SYSTEM32;C:\Windows\WinSxS\amd64_microsoft.windows.common-controls_6595b64144ccf1df_6.0.19041.4355_none_60b8b9eb71f62e16;D:\justkien\bin\server;C:\Program Files (x86)\UltraViewer

VM Arguments:
jvm_args: -Dfile.encoding=UTF-8 
java_command: com.raven.main.Main
java_class_path (initial): D:\justkien\DA1\AddLibraries\mssql-jdbc-12.2.0.jre11.jar;D:\justkien\DA1\DA1_Nhom2_PMQL_BanAoThun\build\classes
Launcher Type: SUN_STANDARD

[Global flags]
     intx CICompilerCount                          = 4                                         {product} {ergonomic}
     uint ConcGCThreads                            = 3                                         {product} {ergonomic}
     uint G1ConcRefinementThreads                  = 10                                        {product} {ergonomic}
   size_t G1HeapRegionSize                         = 4194304                                   {product} {ergonomic}
    uintx GCDrainStackTargetSize                   = 64                                        {product} {ergonomic}
   size_t InitialHeapSize                          = 536870912                                 {product} {ergonomic}
   size_t MarkStackSize                            = 4194304                                   {product} {ergonomic}
   size_t MaxHeapSize                              = 8573157376                                {product} {ergonomic}
   size_t MaxNewSize                               = 5142216704                                {product} {ergonomic}
   size_t MinHeapDeltaBytes                        = 4194304                                   {product} {ergonomic}
   size_t MinHeapSize                              = 8388608                                   {product} {ergonomic}
    uintx NonNMethodCodeHeapSize                   = 5839372                                {pd product} {ergonomic}
    uintx NonProfiledCodeHeapSize                  = 122909434                              {pd product} {ergonomic}
    uintx ProfiledCodeHeapSize                     = 122909434                              {pd product} {ergonomic}
    uintx ReservedCodeCacheSize                    = 251658240                              {pd product} {ergonomic}
     bool SegmentedCodeCache                       = true                                      {product} {ergonomic}
   size_t SoftMaxHeapSize                          = 8573157376                             {manageable} {ergonomic}
     bool UseCompressedClassPointers               = true                           {product lp64_product} {ergonomic}
     bool UseCompressedOops                        = true                           {product lp64_product} {ergonomic}
     bool UseG1GC                                  = true                                      {product} {ergonomic}
     bool UseLargePagesIndividualAllocation        = false                                  {pd product} {ergonomic}

Logging:
Log output configuration:
 #0: stdout all=warning uptime,level,tags
 #1: stderr all=off uptime,level,tags

Environment Variables:
PATH=C:\Program Files\Common Files\Oracle\Java\javapath;C:\Windows\system32;C:\Windows;C:\Windows\System32\Wbem;C:\Windows\System32\WindowsPowerShell\v1.0\;C:\Windows\System32\OpenSSH\;C:\Program Files (x86)\NVIDIA Corporation\PhysX\Common;C:\Program Files\Microsoft SQL Server\Client SDK\ODBC\170\Tools\Binn\;C:\Program Files (x86)\Microsoft SQL Server\150\Tools\Binn\;C:\Program Files\Microsoft SQL Server\150\Tools\Binn\;C:\Program Files\Microsoft SQL Server\150\DTS\Binn\;C:\Program Files (x86)\Microsoft SQL Server\160\DTS\Binn\;C:\Program Files\Azure Data Studio\bin;C:\Users\Admin\AppData\Local\Microsoft\WindowsApps;;C:\Program Files\Azure Data Studio\bin
USERNAME=Admin
OS=Windows_NT
PROCESSOR_IDENTIFIER=Intel64 Family 6 Model 165 Stepping 3, GenuineIntel



---------------  S Y S T E M  ---------------

OS:
 Windows 10 , 64 bit Build 19041 (10.0.19041.4717)
OS uptime: 3 days 1:33 hours

CPU: total 12 (initial active 12) (6 cores per cpu, 2 threads per core) family 6 model 165 stepping 3 microcode 0xf0, cx8, cmov, fxsr, ht, mmx, 3dnowpref, sse, sse2, sse3, ssse3, sse4.1, sse4.2, popcnt, lzcnt, tsc, tscinvbit, avx, avx2, aes, erms, clmul, bmi1, bmi2, adx, fma, vzeroupper, clflush, clflushopt

Memory: 4k page, system-wide physical 32690M (4579M free)
TotalPageFile size 48685M (AvailPageFile size 0M)
current process WorkingSet (physical memory assigned to process): 60M, peak: 60M
current process commit charge ("private bytes"): 628M, peak: 631M

vm_info: Java HotSpot(TM) 64-Bit Server VM (17.0.11+7-LTS-207) for windows-amd64 JRE (17.0.11+7-LTS-207), built on Mar 11 2024 19:01:50 by "mach5one" with MS VC++ 17.6 (VS2022)

END.
